\BOOKMARK [0][-]{section*.1}{\376\377\000A\000c\000k\000n\000o\000w\000l\000e\000d\000g\000e\000m\000e\000n\000t\000s}{}% 1
\BOOKMARK [0][-]{chapter*.3}{\376\377\000L\000i\000s\000t\000\040\000o\000f\000\040\000F\000i\000g\000u\000r\000e\000s}{}% 2
\BOOKMARK [0][-]{chapter*.4}{\376\377\000L\000i\000s\000t\000\040\000o\000f\000\040\000T\000a\000b\000l\000e\000s}{}% 3
\BOOKMARK [0][-]{chapter*.5}{\376\377\000L\000i\000s\000t\000\040\000o\000f\000\040\000A\000b\000b\000r\000e\000v\000i\000a\000t\000i\000o\000n\000s}{}% 4
\BOOKMARK [0][-]{chapter*.6}{\376\377\000P\000h\000y\000s\000i\000c\000a\000l\000\040\000C\000o\000n\000s\000t\000a\000n\000t\000s}{}% 5
\BOOKMARK [0][-]{chapter*.7}{\376\377\000L\000i\000s\000t\000\040\000o\000f\000\040\000S\000y\000m\000b\000o\000l\000s}{}% 6
\BOOKMARK [0][-]{chapter*.8}{\376\377\000M\036\336\000\040\001\020\036\246\000U}{}% 7
\BOOKMARK [0][-]{chapter.9}{\376\377\000T\036\324\000N\000G\000\040\000Q\000U\000A\000N\000\040\000V\036\300\000\040\000H\036\306\000\040\000T\000H\036\320\000N\000G\000\040\000G\000I\000\301\000M\000\040\000S\000\301\000T\000\040\000N\000H\000I\036\306\000T\000\040\001\020\036\330\000\040\000V\000\300\000\040\001\020\036\330\000\040\036\250\000M}{}% 8
\BOOKMARK [1][-]{section.10}{\376\377\000B\036\321\000i\000\040\000c\036\243\000n\000h\000\040\000v\000\340\000\040\000s\036\361\000\040\000c\036\247\000n\000\040\000t\000h\000i\036\277\000t\000\040\000c\036\347\000a\000\040\000g\000i\000\341\000m\000\040\000s\000\341\000t\000\040\000m\000\364\000i\000\040\000t\000r\001\260\036\335\000n\000g\000\040\000t\000r\000o\000n\000g\000\040\000n\000h\000\340}{chapter.9}% 9
\BOOKMARK [1][-]{section.11}{\376\377\000M\036\345\000c\000\040\000t\000i\000\352\000u\000\040\000c\036\347\000a\000\040\000h\036\307\000\040\000t\000h\036\321\000n\000g}{chapter.9}% 10
\BOOKMARK [1][-]{section.12}{\376\377\000C\000\341\000c\000\040\000t\000h\000\340\000n\000h\000\040\000p\000h\036\247\000n\000\040\000c\000h\000\355\000n\000h\000\040\000c\036\347\000a\000\040\000h\036\307\000\040\000t\000h\036\321\000n\000g}{chapter.9}% 11
\BOOKMARK [2][-]{subsection.13}{\376\377\000P\000h\036\247\000n\000\040\000c\036\351\000n\000g}{section.12}% 12
\BOOKMARK [2][-]{subsection.14}{\376\377\000P\000h\036\247\000n\000\040\000m\036\301\000m}{section.12}% 13
\BOOKMARK [0][-]{appendix.15}{\376\377\000L\000I\036\306\000T\000\040\000K\000\312\000\040\000S\000O\000U\000R\000C\000E\000\040\000C\000O\000D\000E}{}% 14
\BOOKMARK [1][-]{section.16}{\376\377\000M\000\343\000\040\000n\000g\000u\036\323\000n\000\040\000F\000i\000r\000m\000w\000a\000r\000e\000\040\000E\000S\000P\0003\0002}{appendix.15}% 15
\BOOKMARK [1][-]{section.244}{\376\377\000M\000\343\000\040\000n\000g\000u\036\323\000n\000\040\000B\000a\000c\000k\000e\000n\000d\000\040\000\050\000P\000H\000P\000\051}{appendix.15}% 16
\BOOKMARK [2][-]{subsection.245}{\376\377\000C\000\341\000c\000\040\000f\000i\000l\000e\000\040\000c\000h\000\355\000n\000h\000\040\000t\000r\000o\000n\000g\000\040\000T\000H\000\137\000D\000O\000\137\000A\000N\000/}{section.244}% 17
\BOOKMARK [2][-]{subsection.748}{\376\377\000C\000\341\000c\000\040\000f\000i\000l\000e\000\040\000A\000P\000I\000\040\000t\000r\000o\000n\000g\000\040\000T\000H\000\137\000D\000O\000\137\000A\000N\000/\000a\000p\000i\000/}{section.244}% 18
\BOOKMARK [2][-]{subsection.1481}{\376\377\000C\000\341\000c\000\040\000f\000i\000l\000e\000\040\000A\000P\000I\000\040\000n\000g\001\260\036\335\000i\000\040\000d\000\371\000n\000g\000\040\000t\000r\000o\000n\000g\000\040\000L\000o\000g\000i\000n\000/\000a\000p\000i\000/\000u\000s\000e\000r\000s\000/}{section.244}% 19
\BOOKMARK [1][-]{section.1724}{\376\377\000M\000\343\000\040\000n\000g\000u\036\323\000n\000\040\000F\000r\000o\000n\000t\000e\000n\000d\000\040\000\050\000H\000T\000M\000L\000/\000C\000S\000S\000/\000J\000a\000v\000a\000S\000c\000r\000i\000p\000t\000\051}{appendix.15}% 20
\BOOKMARK [2][-]{subsection.1725}{\376\377\000C\000\341\000c\000\040\000f\000i\000l\000e\000\040\000c\000h\000\355\000n\000h\000\040\000t\000r\000o\000n\000g\000\040\000T\000H\000\137\000D\000O\000\137\000A\000N\000/}{section.1724}% 21
\BOOKMARK [2][-]{subsection.4124}{\376\377\000C\000\341\000c\000\040\000f\000i\000l\000e\000\040\000t\000r\000o\000n\000g\000\040\000L\000o\000g\000i\000n\000/}{section.1724}% 22
