This is XeTeX, Version 3.141592653-2.6-0.999995 (MiKTeX 24.1) (preloaded format=xelatex 2025.6.13)  13 JUN 2025 23:12
entering extended mode
 restricted \write18 enabled.
 %&-line parsing enabled.
**./AppendixA.tex
(AppendixA.tex
LaTeX2e <2023-11-01> patch level 1
L3 programming layer <2024-01-04>
)
! Emergency stop.
<*> ./AppendixA.tex
                   
*** (job aborted, no legal \end found)

 
Here is how much of TeX's memory you used:
 16 strings out of 409617
 314 string characters out of 5774013
 1917191 words of memory out of 5000000
 22197 multiletter control sequences out of 15000+600000
 558069 words of font info for 36 fonts, out of 8000000 for 9000
 1348 hyphenation exceptions out of 8191
 11i,0n,13p,47b,8s stack positions out of 10000i,1000n,20000p,200000b,200000s
No pages of output.
